<?xml version="1.0" encoding="utf-8" standalone="no"?>
<!--This file represents the results of running a test suite-->
<test-results name="C:\Common\User\John\Development\SharpZip\trunk_dev\SharpZipLib\tests\bin\debug\tests.dll" total="81" failures="1" not-run="0" date="2006-12-12" time="11:29:51">
  <environment nunit-version="2.2.8.0" clr-version="2.0.50727.42" os-version="Microsoft Windows NT 5.1.2600 Service Pack 2" platform="Win32NT" cwd="C:\Common\User\John\Development\SharpZip\trunk_dev\SharpZipLib" machine-name="LICAM" user="JohnR" user-domain="LICAM" />
  <culture-info current-culture="en-NZ" current-uiculture="en-US" />
  <test-suite name="C:\Common\User\John\Development\SharpZip\trunk_dev\SharpZipLib\tests\bin\debug\tests.dll" success="False" time="43.625" asserts="0">
    <results>
      <test-suite name="ICSharpCode" success="False" time="43.609" asserts="0">
        <results>
          <test-suite name="ICSharpCode.SharpZipLib" success="False" time="43.578" asserts="0">
            <results>
              <test-suite name="ICSharpCode.SharpZipLib.Tests" success="False" time="43.578" asserts="0">
                <results>
                  <test-suite name="ICSharpCode.SharpZipLib.Tests.Base" success="True" time="15.953" asserts="0">
                    <results>
                      <test-suite name="ICSharpCode.SharpZipLib.Tests.Base.InflaterDeflaterTestSuite" success="True" time="15.953" asserts="0">
                        <results>
                          <test-case name="ICSharpCode.SharpZipLib.Tests.Base.InflaterDeflaterTestSuite.InflateDeflateZlib" executed="True" success="True" time="0.203" asserts="0">
                            <categories>
                              <category name="Base" />
                            </categories>
                          </test-case>
                          <test-case name="ICSharpCode.SharpZipLib.Tests.Base.InflaterDeflaterTestSuite.SmallBlocks" executed="True" success="True" time="15.484" asserts="0">
                            <categories>
                              <category name="Base" />
                            </categories>
                          </test-case>
                          <test-case name="ICSharpCode.SharpZipLib.Tests.Base.InflaterDeflaterTestSuite.InflateDeflateNonZlib" executed="True" success="True" time="0.188" asserts="0">
                            <categories>
                              <category name="Base" />
                            </categories>
                          </test-case>
                          <test-case name="ICSharpCode.SharpZipLib.Tests.Base.InflaterDeflaterTestSuite.CloseDeflatorWithNestedUsing" executed="True" success="True" time="0.031" asserts="1">
                            <categories>
                              <category name="Base" />
                            </categories>
                          </test-case>
                          <test-case name="ICSharpCode.SharpZipLib.Tests.Base.InflaterDeflaterTestSuite.CloseInflatorWithNestedUsing" executed="True" success="True" time="0.016" asserts="3">
                            <categories>
                              <category name="Base" />
                            </categories>
                          </test-case>
                        </results>
                      </test-suite>
                    </results>
                  </test-suite>
                  <test-suite name="ICSharpCode.SharpZipLib.Tests.BZip2" success="True" time="0.156" asserts="0">
                    <results>
                      <test-suite name="ICSharpCode.SharpZipLib.Tests.BZip2.BZip2Suite" success="True" time="0.156" asserts="0">
                        <results>
                          <test-case name="ICSharpCode.SharpZipLib.Tests.BZip2.BZip2Suite.BasicRoundTrip" executed="True" success="True" time="0.156" asserts="10000">
                            <categories>
                              <category name="BZip2" />
                            </categories>
                          </test-case>
                          <test-case name="ICSharpCode.SharpZipLib.Tests.BZip2.BZip2Suite.CreateEmptyArchive" executed="True" success="True" time="0.000" asserts="1">
                            <categories>
                              <category name="BZip2" />
                            </categories>
                          </test-case>
                        </results>
                      </test-suite>
                    </results>
                  </test-suite>
                  <test-suite name="ICSharpCode.SharpZipLib.Tests.GZip" success="True" time="0.094" asserts="0">
                    <results>
                      <test-suite name="ICSharpCode.SharpZipLib.Tests.GZip.GZipTestSuite" success="True" time="0.094" asserts="0">
                        <results>
                          <test-case name="ICSharpCode.SharpZipLib.Tests.GZip.GZipTestSuite.TestGZip" executed="True" success="True" time="0.078" asserts="100000">
                            <categories>
                              <category name="GZip" />
                            </categories>
                          </test-case>
                          <test-case name="ICSharpCode.SharpZipLib.Tests.GZip.GZipTestSuite.DelayedHeaderWriteNoData" executed="True" success="True" time="0.016" asserts="3" />
                          <test-case name="ICSharpCode.SharpZipLib.Tests.GZip.GZipTestSuite.DelayedHeaderWriteWithData" executed="True" success="True" time="0.000" asserts="4" />
                        </results>
                      </test-suite>
                    </results>
                  </test-suite>
                  <test-suite name="ICSharpCode.SharpZipLib.Tests.Tar" success="True" time="6.234" asserts="0">
                    <results>
                      <test-suite name="ICSharpCode.SharpZipLib.Tests.Tar.TarTestSuite" success="True" time="6.234" asserts="0">
                        <results>
                          <test-case name="ICSharpCode.SharpZipLib.Tests.Tar.TarTestSuite.EmptyTar" executed="True" success="True" time="0.031" asserts="3">
                            <categories>
                              <category name="Tar" />
                            </categories>
                          </test-case>
                          <test-case name="ICSharpCode.SharpZipLib.Tests.Tar.TarTestSuite.BlockFactorHandling" executed="True" success="True" time="5.656" asserts="999550" />
                          <test-case name="ICSharpCode.SharpZipLib.Tests.Tar.TarTestSuite.TrailerContainsNulls" executed="True" success="True" time="0.016" asserts="5132" />
                          <test-case name="ICSharpCode.SharpZipLib.Tests.Tar.TarTestSuite.LongNames" executed="True" success="True" time="0.500" asserts="1028">
                            <categories>
                              <category name="Tar" />
                            </categories>
                          </test-case>
                          <test-case name="ICSharpCode.SharpZipLib.Tests.Tar.TarTestSuite.HeaderEquality" executed="True" success="True" time="0.000" asserts="29">
                            <categories>
                              <category name="Tar" />
                            </categories>
                          </test-case>
                          <test-case name="ICSharpCode.SharpZipLib.Tests.Tar.TarTestSuite.Checksum" executed="True" success="True" time="0.000" asserts="2">
                            <categories>
                              <category name="Tar" />
                            </categories>
                          </test-case>
                          <test-case name="ICSharpCode.SharpZipLib.Tests.Tar.TarTestSuite.ValuesPreserved" executed="True" success="True" time="0.016" asserts="5">
                            <categories>
                              <category name="Tar" />
                            </categories>
                          </test-case>
                          <test-case name="ICSharpCode.SharpZipLib.Tests.Tar.TarTestSuite.InvalidModTime" executed="True" success="True" time="0.000" asserts="0" />
                          <test-case name="ICSharpCode.SharpZipLib.Tests.Tar.TarTestSuite.InvalidSize" executed="True" success="True" time="0.000" asserts="0" />
                          <test-case name="ICSharpCode.SharpZipLib.Tests.Tar.TarTestSuite.InvalidName" executed="True" success="True" time="0.000" asserts="0" />
                          <test-case name="ICSharpCode.SharpZipLib.Tests.Tar.TarTestSuite.UserAndGroupNames" executed="True" success="True" time="0.000" asserts="3" />
                          <test-case name="ICSharpCode.SharpZipLib.Tests.Tar.TarTestSuite.InvalidMagic" executed="True" success="True" time="0.000" asserts="0" />
                          <test-case name="ICSharpCode.SharpZipLib.Tests.Tar.TarTestSuite.InvalidLinkName" executed="True" success="True" time="0.000" asserts="0" />
                          <test-case name="ICSharpCode.SharpZipLib.Tests.Tar.TarTestSuite.InvalidVersionName" executed="True" success="True" time="0.000" asserts="0" />
                          <test-case name="ICSharpCode.SharpZipLib.Tests.Tar.TarTestSuite.CloningAndUniqueness" executed="True" success="True" time="0.000" asserts="12" />
                        </results>
                      </test-suite>
                    </results>
                  </test-suite>
                  <test-suite name="ICSharpCode.SharpZipLib.Tests.Zip" success="False" time="21.094" asserts="0">
                    <results>
                      <test-suite name="ICSharpCode.SharpZipLib.Tests.Zip.StreamHandling" success="True" time="0.078" asserts="0">
                        <results>
                          <test-case name="ICSharpCode.SharpZipLib.Tests.Zip.StreamHandling.ParameterHandling" executed="True" success="True" time="0.047" asserts="8" />
                          <test-case name="ICSharpCode.SharpZipLib.Tests.Zip.StreamHandling.Zip64Descriptor" executed="True" success="True" time="0.031" asserts="1" />
                        </results>
                      </test-suite>
                      <test-suite name="ICSharpCode.SharpZipLib.Tests.Zip.GeneralHandling" success="True" time="12.891" asserts="0">
                        <results>
                          <test-case name="ICSharpCode.SharpZipLib.Tests.Zip.GeneralHandling.EmptyZipEntries" executed="True" success="True" time="0.016" asserts="1">
                            <categories>
                              <category name="Zip" />
                            </categories>
                          </test-case>
                          <test-case name="ICSharpCode.SharpZipLib.Tests.Zip.GeneralHandling.UnsupportedCompressionMethod" executed="True" success="True" time="0.000" asserts="0">
                            <categories>
                              <category name="Zip" />
                            </categories>
                          </test-case>
                          <test-case name="ICSharpCode.SharpZipLib.Tests.Zip.GeneralHandling.EmptyZip" executed="True" success="True" time="0.000" asserts="0">
                            <categories>
                              <category name="Zip" />
                            </categories>
                          </test-case>
                          <test-case name="ICSharpCode.SharpZipLib.Tests.Zip.GeneralHandling.InvalidPasswordSeekable" executed="True" success="True" time="0.016" asserts="0">
                            <categories>
                              <category name="Zip" />
                            </categories>
                          </test-case>
                          <test-case name="ICSharpCode.SharpZipLib.Tests.Zip.GeneralHandling.ExerciseGetNextEntry" executed="True" success="True" time="0.000" asserts="0" />
                          <test-case name="ICSharpCode.SharpZipLib.Tests.Zip.GeneralHandling.InvalidPasswordNonSeekable" executed="True" success="True" time="0.000" asserts="0">
                            <categories>
                              <category name="Zip" />
                            </categories>
                          </test-case>
                          <test-case name="ICSharpCode.SharpZipLib.Tests.Zip.GeneralHandling.NullEntryComment" executed="True" success="True" time="0.000" asserts="0">
                            <categories>
                              <category name="Zip" />
                            </categories>
                          </test-case>
                          <test-case name="ICSharpCode.SharpZipLib.Tests.Zip.GeneralHandling.NullEntryName" executed="True" success="True" time="0.016" asserts="0">
                            <categories>
                              <category name="Zip" />
                            </categories>
                          </test-case>
                          <test-case name="ICSharpCode.SharpZipLib.Tests.Zip.GeneralHandling.AddEntryAfterFinish" executed="True" success="True" time="0.000" asserts="0">
                            <categories>
                              <category name="Zip" />
                            </categories>
                          </test-case>
                          <test-case name="ICSharpCode.SharpZipLib.Tests.Zip.GeneralHandling.SetCommentOversize" executed="True" success="True" time="0.000" asserts="0">
                            <categories>
                              <category name="Zip" />
                            </categories>
                          </test-case>
                          <test-case name="ICSharpCode.SharpZipLib.Tests.Zip.GeneralHandling.CloseOnlyHandled" executed="True" success="True" time="0.016" asserts="1">
                            <categories>
                              <category name="Zip" />
                            </categories>
                          </test-case>
                          <test-case name="ICSharpCode.SharpZipLib.Tests.Zip.GeneralHandling.BasicDeflated" executed="True" success="True" time="0.516" asserts="500020">
                            <categories>
                              <category name="Zip" />
                            </categories>
                          </test-case>
                          <test-case name="ICSharpCode.SharpZipLib.Tests.Zip.GeneralHandling.BasicDeflatedNonSeekable" executed="True" success="True" time="0.516" asserts="500010">
                            <categories>
                              <category name="Zip" />
                            </categories>
                          </test-case>
                          <test-case name="ICSharpCode.SharpZipLib.Tests.Zip.GeneralHandling.BasicStored" executed="True" success="True" time="0.047" asserts="50002">
                            <categories>
                              <category name="Zip" />
                            </categories>
                          </test-case>
                          <test-case name="ICSharpCode.SharpZipLib.Tests.Zip.GeneralHandling.BasicStoredNonSeekable" executed="True" success="True" time="0.094" asserts="50001">
                            <categories>
                              <category name="Zip" />
                            </categories>
                          </test-case>
                          <test-case name="ICSharpCode.SharpZipLib.Tests.Zip.GeneralHandling.BasicDeflatedEncrypted" executed="True" success="True" time="0.578" asserts="500010">
                            <categories>
                              <category name="Zip" />
                            </categories>
                          </test-case>
                          <test-case name="ICSharpCode.SharpZipLib.Tests.Zip.GeneralHandling.BasicDeflatedEncryptedNonSeekable" executed="True" success="True" time="0.578" asserts="500010">
                            <categories>
                              <category name="Zip" />
                            </categories>
                          </test-case>
                          <test-case name="ICSharpCode.SharpZipLib.Tests.Zip.GeneralHandling.SkipEncryptedEntriesWithoutSettingPassword" executed="True" success="True" time="0.000" asserts="0" />
                          <test-case name="ICSharpCode.SharpZipLib.Tests.Zip.GeneralHandling.MixedEncryptedAndPlain" executed="True" success="True" time="0.000" asserts="0">
                            <categories>
                              <category name="Zip" />
                            </categories>
                          </test-case>
                          <test-case name="ICSharpCode.SharpZipLib.Tests.Zip.GeneralHandling.BasicStoredEncrypted" executed="True" success="True" time="0.063" asserts="50001">
                            <categories>
                              <category name="Zip" />
                            </categories>
                          </test-case>
                          <test-case name="ICSharpCode.SharpZipLib.Tests.Zip.GeneralHandling.BasicStoredEncryptedNonSeekable" executed="True" success="True" time="0.047" asserts="50001">
                            <categories>
                              <category name="Zip" />
                            </categories>
                          </test-case>
                          <test-case name="ICSharpCode.SharpZipLib.Tests.Zip.GeneralHandling.StoredNonSeekableConvertToDeflate" executed="True" success="True" time="0.000" asserts="3">
                            <categories>
                              <category name="Zip" />
                            </categories>
                          </test-case>
                          <test-case name="ICSharpCode.SharpZipLib.Tests.Zip.GeneralHandling.Stream_64KPlusOneEntries" executed="True" success="True" time="10.359" asserts="1">
                            <categories>
                              <category name="LongRunning" />
                              <category name="Zip" />
                            </categories>
                          </test-case>
                          <test-case name="ICSharpCode.SharpZipLib.Tests.Zip.GeneralHandling.Stream_UnicodeEntries" executed="True" success="True" time="0.000" asserts="2">
                            <categories>
                              <category name="Zip" />
                            </categories>
                          </test-case>
                          <test-case name="ICSharpCode.SharpZipLib.Tests.Zip.GeneralHandling.PartialStreamClosing" executed="True" success="True" time="0.016" asserts="1">
                            <categories>
                              <category name="Zip" />
                              <category name="CreatesTempFile" />
                            </categories>
                          </test-case>
                          <test-case name="ICSharpCode.SharpZipLib.Tests.Zip.GeneralHandling.ZeroLength" executed="True" success="True" time="0.000" asserts="0" />
                          <test-case name="ICSharpCode.SharpZipLib.Tests.Zip.GeneralHandling.NameTransforms" executed="True" success="True" time="0.000" asserts="3">
                            <categories>
                              <category name="Zip" />
                            </categories>
                          </test-case>
                          <test-case name="ICSharpCode.SharpZipLib.Tests.Zip.GeneralHandling.FilenameCleaning" executed="True" success="True" time="0.016" asserts="4">
                            <categories>
                              <category name="Zip" />
                            </categories>
                          </test-case>
                          <test-case name="ICSharpCode.SharpZipLib.Tests.Zip.GeneralHandling.NameConversion" executed="True" success="True" time="0.000" asserts="2">
                            <categories>
                              <category name="Zip" />
                            </categories>
                          </test-case>
                          <test-case name="ICSharpCode.SharpZipLib.Tests.Zip.GeneralHandling.UnicodeNameConversion" executed="True" success="True" time="0.000" asserts="3">
                            <categories>
                              <category name="Zip" />
                            </categories>
                          </test-case>
                          <test-case name="ICSharpCode.SharpZipLib.Tests.Zip.GeneralHandling.PasswordCheckingWithDateInExtraData" executed="True" success="True" time="0.000" asserts="3" />
                        </results>
                      </test-suite>
                      <test-suite name="ICSharpCode.SharpZipLib.Tests.Zip.ZipExtraDataHandling" success="True" time="0.016" asserts="0">
                        <results>
                          <test-case name="ICSharpCode.SharpZipLib.Tests.Zip.ZipExtraDataHandling.IsDataUnique" executed="True" success="True" time="0.000" asserts="2">
                            <categories>
                              <category name="Zip" />
                            </categories>
                          </test-case>
                          <test-case name="ICSharpCode.SharpZipLib.Tests.Zip.ZipExtraDataHandling.BasicOperations" executed="True" success="True" time="0.016" asserts="120">
                            <categories>
                              <category name="Zip" />
                            </categories>
                          </test-case>
                          <test-case name="ICSharpCode.SharpZipLib.Tests.Zip.ZipExtraDataHandling.UnreadCountValid" executed="True" success="True" time="0.000" asserts="12">
                            <categories>
                              <category name="Zip" />
                            </categories>
                          </test-case>
                          <test-case name="ICSharpCode.SharpZipLib.Tests.Zip.ZipExtraDataHandling.Skipping" executed="True" success="True" time="0.000" asserts="18">
                            <categories>
                              <category name="Zip" />
                            </categories>
                          </test-case>
                          <test-case name="ICSharpCode.SharpZipLib.Tests.Zip.ZipExtraDataHandling.ReadOverrunLong" executed="True" success="True" time="0.000" asserts="7">
                            <categories>
                              <category name="Zip" />
                            </categories>
                          </test-case>
                          <test-case name="ICSharpCode.SharpZipLib.Tests.Zip.ZipExtraDataHandling.ReadOverrunInt" executed="True" success="True" time="0.000" asserts="7">
                            <categories>
                              <category name="Zip" />
                            </categories>
                          </test-case>
                          <test-case name="ICSharpCode.SharpZipLib.Tests.Zip.ZipExtraDataHandling.ReadOverrunShort" executed="True" success="True" time="0.000" asserts="7">
                            <categories>
                              <category name="Zip" />
                            </categories>
                          </test-case>
                        </results>
                      </test-suite>
                      <test-suite name="ICSharpCode.SharpZipLib.Tests.Zip.FastZipHandling" success="True" time="0.203" asserts="0">
                        <results>
                          <test-case name="ICSharpCode.SharpZipLib.Tests.Zip.FastZipHandling.Basics" executed="True" success="True" time="0.203" asserts="5">
                            <categories>
                              <category name="CreatesTempFile" />
                              <category name="Zip" />
                            </categories>
                          </test-case>
                        </results>
                      </test-suite>
                      <test-suite name="ICSharpCode.SharpZipLib.Tests.Zip.ZipFileHandling" success="False" time="7.875" asserts="0">
                        <results>
                          <test-case name="ICSharpCode.SharpZipLib.Tests.Zip.ZipFileHandling.Zip64Entries" executed="True" success="True" time="7.172" asserts="2">
                            <categories>
                              <category name="Zip" />
                              <category name="CreatesTempFile" />
                            </categories>
                          </test-case>
                          <test-case name="ICSharpCode.SharpZipLib.Tests.Zip.ZipFileHandling.EmbeddedArchive" executed="True" success="True" time="0.016" asserts="3">
                            <categories>
                              <category name="Zip" />
                            </categories>
                          </test-case>
                          <test-case name="ICSharpCode.SharpZipLib.Tests.Zip.ZipFileHandling.Zip64Useage" executed="True" success="False" time="0.000" asserts="1">
                            <categories>
                              <category name="Zip" />
                            </categories>
                            <failure>
                              <message><![CDATA[]]></message>
                              <stack-trace><![CDATA[   at ICSharpCode.SharpZipLib.Tests.Zip.ZipFileHandling.Zip64Useage()
]]></stack-trace>
                            </failure>
                          </test-case>
                          <test-case name="ICSharpCode.SharpZipLib.Tests.Zip.ZipFileHandling.BasicEncryption" executed="True" success="True" time="0.016" asserts="3" />
                          <test-case name="ICSharpCode.SharpZipLib.Tests.Zip.ZipFileHandling.AddAndDeleteEntriesMemory" executed="True" success="True" time="0.109" asserts="93">
                            <categories>
                              <category name="Zip" />
                            </categories>
                          </test-case>
                          <test-case name="ICSharpCode.SharpZipLib.Tests.Zip.ZipFileHandling.AddAndDeleteEntries" executed="True" success="True" time="0.031" asserts="6">
                            <categories>
                              <category name="Zip" />
                              <category name="CreatesTempFile" />
                            </categories>
                          </test-case>
                          <test-case name="ICSharpCode.SharpZipLib.Tests.Zip.ZipFileHandling.RoundTrip" executed="True" success="True" time="0.016" asserts="10251">
                            <categories>
                              <category name="Zip" />
                              <category name="CreatesTempFile" />
                            </categories>
                          </test-case>
                          <test-case name="ICSharpCode.SharpZipLib.Tests.Zip.ZipFileHandling.RoundTripInMemory" executed="True" success="True" time="0.016" asserts="10250">
                            <categories>
                              <category name="Zip" />
                              <category name="CreatesTempFile" />
                            </categories>
                          </test-case>
                          <test-case name="ICSharpCode.SharpZipLib.Tests.Zip.ZipFileHandling.AddToEmptyArchive" executed="True" success="True" time="0.000" asserts="6">
                            <categories>
                              <category name="Zip" />
                            </categories>
                          </test-case>
                          <test-case name="ICSharpCode.SharpZipLib.Tests.Zip.ZipFileHandling.CreateEmptyArchive" executed="True" success="True" time="0.016" asserts="3">
                            <categories>
                              <category name="Zip" />
                            </categories>
                          </test-case>
                          <test-case name="ICSharpCode.SharpZipLib.Tests.Zip.ZipFileHandling.FindEntriesInArchiveWithLongComment" executed="True" success="True" time="0.453" asserts="3">
                            <categories>
                              <category name="Zip" />
                              <category name="CreatesTempFile" />
                            </categories>
                          </test-case>
                          <test-case name="ICSharpCode.SharpZipLib.Tests.Zip.ZipFileHandling.FindEntry" executed="True" success="True" time="0.000" asserts="11">
                            <categories>
                              <category name="Zip" />
                              <category name="CreatesTempFile" />
                            </categories>
                          </test-case>
                          <test-case name="ICSharpCode.SharpZipLib.Tests.Zip.ZipFileHandling.HandlesNoEntries" executed="True" success="True" time="0.016" asserts="2">
                            <categories>
                              <category name="CreatesTempFile" />
                              <category name="Zip" />
                            </categories>
                          </test-case>
                          <test-case name="ICSharpCode.SharpZipLib.Tests.Zip.ZipFileHandling.ArchiveTesting" executed="True" success="True" time="0.000" asserts="2">
                            <categories>
                              <category name="Zip" />
                            </categories>
                          </test-case>
                          <test-case name="ICSharpCode.SharpZipLib.Tests.Zip.ZipFileHandling.UnicodeNames" executed="True" success="True" time="0.000" asserts="5">
                            <categories>
                              <category name="Zip" />
                            </categories>
                          </test-case>
                        </results>
                      </test-suite>
                    </results>
                  </test-suite>
                </results>
              </test-suite>
            </results>
          </test-suite>
        </results>
      </test-suite>
    </results>
  </test-suite>
</test-results>